0258
355 128
0000  6014
0001  0b62
0002  0a0c
0003  01c4
0004  000c
0005  9014
0006  0082
0007  0a0c
0008  01c4
0009  0014
0010  9014
0011  00a2
0012  6044
0013  0034
0014  4814
0015  00b2
0016  6014
0017  0b7a
0018  4814
0019  00b2
0020  6014
0021  0b82
0022  3844
0023  0034
0024  6014
0025  0b62
0026  3844
0027  003c
0028  7004
0029  2144
0030  0b1a
0031  003c
0032  0144
0033  0b8a
0034  0034
0035  6814
0036  0002
0037  6014
0038  0b6a
0039  6814
0040  0002
0041  6014
0042  0b6a
0043  6814
0044  0002
0045  6014
0046  0b72
0047  6814
0048  0002
0049  6014
0050  0b6a
0051  6814
0052  0002
0053  6014
0054  0b6a
0055  6814
0056  0002
0057  6014
0058  0b72
0059  6814
0060  0002
0061  6014
0062  0b6a
0063  6814
0064  0002
0065  6014
0066  0b6a
0067  6814
0068  0002
0069  6014
0070  0b72
0071  7004
0072  0a0c
0073  01c4
0074  0004
0075  9014
0076  029a
0077  6024
0078  003c
0079  3844
0080  003c
0081  4814
0082  0242
0083  7004
0084  0144
0085  0b92
0086  002c
0087  0144
0088  0b9a
0089  0034
0090  0144
0091  0ba2
0092  003c
0093  0a24
0094  0174
0095  5014
0096  0342
0097  0a24
0098  01bc
0099  5014
0100  0342
0101  0244
0102  01c4
0103  7004
0104  00c4
0105  0004
0106  0004
0107  7004
0108  2144
0109  0b1a
0110  003c
0111  0414
0112  01c4
0113  0b92
0114  0114
0115  0b92
0116  0b9a
0117  3814
0118  0b9a
0119  0114
0120  0b9a
0121  0ba2
0122  3814
0123  0ba2
0124  6814
0125  02a2
0126  0c0c
0127  0004
0128  0004
0129  5014
0130  07b2
0131  1094
0132  001c
0133  0b92
0134  1094
0135  001c
0136  0b9a
0137  1094
0138  001c
0139  0ba2
0140  6814
0141  02a2
0142  0c0c
0143  0004
0144  0004
0145  5014
0146  07b2
0147  1094
0148  001c
0149  0b92
0150  1094
0151  001c
0152  0b9a
0153  1094
0154  001c
0155  0ba2
0156  6814
0157  02a2
0158  0c0c
0159  0004
0160  0004
0161  5014
0162  07b2
0163  0414
0164  01c4
0165  0b92
0166  0114
0167  0b92
0168  0b9a
0169  1094
0170  001c
0171  0b9a
0172  0114
0173  0b9a
0174  0ba2
0175  1094
0176  001c
0177  0ba2
0178  6814
0179  02a2
0180  0c0c
0181  0004
0182  0004
0183  5014
0184  07b2
0185  3814
0186  0b92
0187  3814
0188  0b9a
0189  3814
0190  0ba2
0191  6814
0192  02a2
0193  0c0c
0194  0004
0195  0004
0196  5014
0197  07b2
0198  3814
0199  0b92
0200  3814
0201  0b9a
0202  3814
0203  0ba2
0204  6814
0205  02a2
0206  0c0c
0207  0004
0208  0004
0209  5014
0210  07b2
0211  0414
0212  01c4
0213  0b92
0214  0114
0215  0b92
0216  0b9a
0217  1094
0218  0024
0219  0b9a
0220  0114
0221  0b1a
0222  0ba2
0223  1094
0224  0044
0225  0ba2
0226  6814
0227  02a2
0228  0c0c
0229  0004
0230  0004
0231  5014
0232  07b2
0233  1094
0234  0014
0235  0b92
0236  1894
0237  0014
0238  0ba2
0239  6814
0240  02a2
0241  0c0c
0242  0004
0243  0004
0244  5014
0245  07b2
0246  7004
0247  3814
0248  0baa
0249  090c
0250  0baa
0251  001c
0252  5014
0253  080a
0254  0094
0255  000c
0256  0baa
0257  7004
0258  6814
0259  00ea
0260  2144
0261  0bba
0262  003c
0263  6814
0264  0242
0265  2144
0266  0f12
0267  003c
0268  0124
0269  0baa
0270  003c
0271  6814
0272  0002
0273  6014
0274  0f02
0275  2144
0276  0c2a
0277  003c
0278  6814
0279  0242
0280  5844
0281  000c
0282  1944
0283  0f0a
0284  000c
0285  5844
0286  003c
0287  2144
0288  0b1a
0289  0014
0290  1444
0291  008c
0292  0a0c
0293  0044
0294  0004
0295  5014
0296  09f2
0297  0124
0298  0baa
0299  000c
0300  6814
0301  0362
0302  0c0c
0303  0004
0304  0004
0305  5014
0306  0a3a
0307  6814
0308  07ba
0309  4014
0310  0bb2
0311  090c
0312  0bb2
0313  0004
0314  5014
0315  0812
0316  6814
0317  0aca
0318  2144
0319  0ce2
0320  003c
0321  6814
0322  0242
0323  6014
0324  0f02
0325  4814
0326  0812
0327  6814
0328  00ea
0329  2144
0330  0dba
0331  003c
0332  6814
0333  0242
0334  2144
0335  0f12
0336  003c
0337  0124
0338  0baa
0339  003c
0340  6814
0341  0002
0342  6014
0343  0f02
0344  7804
0345  6814
0346  00ea
0347  2144
0348  0e3a
0349  003c
0350  6814
0351  0242
0352  6014
0353  0f02
0354  7804
0355  0000
0356  0000
0357  0000
0358  0000
0359  0000
0360  0000
0361  0000
0362  0000
0363  0000
0364  0020
0365  007c
0366  000a
0367  0058
0368  004f
0369  0030
0370  0000
0371  0000
0372  0000
0373  0001
0374  0009
0375  0043
0376  0075
0377  0072
0378  0072
0379  0065
0380  006e
0381  0074
0382  0020
0383  0074
0384  0075
0385  0072
0386  006e
0387  003a
0388  0000
0389  0045
0390  006e
0391  0074
0392  0065
0393  0072
0394  0020
0395  0069
0396  006e
0397  0073
0398  0065
0399  0072
0400  0074
0401  0069
0402  006f
0403  006e
0404  0020
0405  0073
0406  0070
0407  006f
0408  0074
0409  003a
0410  0020
0411  0000
0412  0050
0413  006c
0414  0065
0415  0061
0416  0073
0417  0065
0418  0020
0419  0065
0420  006e
0421  0074
0422  0065
0423  0072
0424  0020
0425  0061
0426  0020
0427  0076
0428  0061
0429  006c
0430  0069
0431  0064
0432  0020
0433  0073
0434  0070
0435  006f
0436  0074
0437  002e
0438  0000
0439  0054
0440  0068
0441  0065
0442  0020
0443  0077
0444  0069
0445  006e
0446  006e
0447  0065
0448  0072
0449  0020
0450  0069
0451  0073
0452  003a
0453  0020
0454  0000
0455  0047
0456  0061
0457  006d
0458  0065
0459  0020
0460  0068
0461  0061
0462  0073
0463  0020
0464  0065
0465  006e
0466  0064
0467  0065
0468  0064
0469  0020
0470  0069
0471  006e
0472  0020
0473  0061
0474  0020
0475  0064
0476  0072
0477  0061
0478  0077
0479  0000
0480  000a
0481  0030
0482  0000
